<?xml version="1.0" encoding="UTF-8"?>
<Site BuildName="(empty)"
	BuildStamp="20230309-0846-Experimental"
	Name="(empty)"
	Generator="ctest-3.25.0"
	CompilerName=""
	CompilerVersion=""
	OSName="Windows"
	Hostname="UnderLurker-Computer"
	OSRelease=" Personal"
	OSVersion=" (Build 22000)"
	OSPlatform="AMD64"
	Is64Bits="1"
	VendorString="GenuineIntel"
	VendorID="Intel Corporation"
	FamilyID="6"
	ModelID="14"
	ProcessorCacheSize="-1"
	NumberOfLogicalCPU="8"
	NumberOfPhysicalCPU="4"
	TotalVirtualMemory="16240"
	TotalPhysicalMemory="8048"
	LogicalProcessorsPerPhysical="2"
	ProcessorClockFrequency="2304"
	>
	<Testing>
		<StartDateTime>Mar 09 17:20 [NON-UTF-8-BYTE-0xD6]й[NON-UTF-8-BYTE-0xFA][NON-UTF-8-BYTE-0xB1][NON-UTF-8-BYTE-0xEA]׼ʱ[NON-UTF-8-BYTE-0xBC][NON-UTF-8-BYTE-0xE4]</StartDateTime>
		<StartTestTime>1678353612</StartTestTime>
		<TestList>
			<Test>./Reflex_Test</Test>
			<Test>./Json_Test</Test>
		</TestList>
		<Test Status="passed">
			<Name>Reflex_Test</Name>
			<Path>.</Path>
			<FullName>./Reflex_Test</FullName>
			<FullCommandLine>F:\Visual-Studio-practice\vscode\mySource\build\ReflexTest.exe</FullCommandLine>
			<Results>
				<NamedMeasurement type="numeric/double" name="Execution Time">
					<Value>0.0517301</Value>
				</NamedMeasurement>
				<NamedMeasurement type="numeric/double" name="Processors">
					<Value>1</Value>
				</NamedMeasurement>
				<NamedMeasurement type="text/string" name="Completion Status">
					<Value>Completed</Value>
				</NamedMeasurement>
				<NamedMeasurement type="text/string" name="Command Line">
					<Value>F:\Visual-Studio-practice\vscode\mySource\build\ReflexTest.exe</Value>
				</NamedMeasurement>
				<NamedMeasurement type="text/string" name="Environment">
					<Value>#CTEST_RESOURCE_GROUP_COUNT=</Value>
				</NamedMeasurement>
				<Measurement>
					<Value>10
30
hello world
6
10
40
hello world
7
</Value>
				</Measurement>
			</Results>
		</Test>
		<Test Status="passed">
			<Name>Json_Test</Name>
			<Path>.</Path>
			<FullName>./Json_Test</FullName>
			<FullCommandLine>F:\Visual-Studio-practice\vscode\mySource\build\JsonTest.exe</FullCommandLine>
			<Results>
				<NamedMeasurement type="numeric/double" name="Execution Time">
					<Value>0.0347132</Value>
				</NamedMeasurement>
				<NamedMeasurement type="numeric/double" name="Processors">
					<Value>1</Value>
				</NamedMeasurement>
				<NamedMeasurement type="text/string" name="Completion Status">
					<Value>Completed</Value>
				</NamedMeasurement>
				<NamedMeasurement type="text/string" name="Command Line">
					<Value>F:\Visual-Studio-practice\vscode\mySource\build\JsonTest.exe</Value>
				</NamedMeasurement>
				<NamedMeasurement type="text/string" name="Environment">
					<Value>#CTEST_RESOURCE_GROUP_COUNT=</Value>
				</NamedMeasurement>
				<Measurement>
					<Value></Value>
				</Measurement>
			</Results>
		</Test>
		<EndDateTime>Mar 09 17:20 [NON-UTF-8-BYTE-0xD6]й[NON-UTF-8-BYTE-0xFA][NON-UTF-8-BYTE-0xB1][NON-UTF-8-BYTE-0xEA]׼ʱ[NON-UTF-8-BYTE-0xBC][NON-UTF-8-BYTE-0xE4]</EndDateTime>
		<EndTestTime>1678353612</EndTestTime>
		<ElapsedMinutes>0</ElapsedMinutes>
	</Testing>
</Site>
